<?xml version="1.0" encoding="UTF-8"?>
<!-- Generated by org.testng.reporters.JUnitXMLReporter -->
<testsuite ignored="0" hostname="MADEM" failures="0" tests="3" name="Default test" time="60.342" errors="0" timestamp="2022-09-07T20:31:14 IST">
  <testcase classname="com.automationdemo.testngconcepts.OrangeHRMAssertionDemo3" name="addEmployee" time="10.053"/>
  <testcase classname="com.automationdemo.testngconcepts.OrangeHRMAssertionDemo3" name="addEmployee" time="10.007"/>
  <testcase classname="com.automationdemo.testngconcepts.OrangeHRMAssertionDemo3" name="addEmployee" time="10.249"/>
</testsuite> <!-- Default test -->
