<?xml version="1.0" encoding="UTF-8"?>
<testng-results ignored="0" total="3" passed="3" failed="0" skipped="0">
  <reporter-output>
  </reporter-output>
  <suite started-at="2022-09-07T20:30:13 IST" name="Default suite" finished-at="2022-09-07T20:31:14 IST" duration-ms="60342">
    <groups>
    </groups>
    <test started-at="2022-09-07T20:30:13 IST" name="Default test" finished-at="2022-09-07T20:31:14 IST" duration-ms="60342">
      <class name="com.automationdemo.testngconcepts.OrangeHRMAssertionDemo3">
        <test-method is-config="true" signature="setUp()[pri:0, instance:com.automationdemo.testngconcepts.OrangeHRMAssertionDemo3@1a18644]" started-at="2022-09-07T20:30:13 IST" name="setUp" finished-at="2022-09-07T20:30:16 IST" duration-ms="2475" status="PASS">
          <reporter-output>
          </reporter-output>
        </test-method> <!-- setUp -->
        <test-method is-config="true" signature="orangeHRMLogin()[pri:0, instance:com.automationdemo.testngconcepts.OrangeHRMAssertionDemo3@1a18644]" started-at="2022-09-07T20:30:16 IST" name="orangeHRMLogin" finished-at="2022-09-07T20:30:27 IST" duration-ms="10946" status="PASS">
          <reporter-output>
          </reporter-output>
        </test-method> <!-- orangeHRMLogin -->
        <test-method signature="addEmployee(java.lang.String,java.lang.String,java.lang.String,java.lang.String)[pri:0, instance:com.automationdemo.testngconcepts.OrangeHRMAssertionDemo3@1a18644]" started-at="2022-09-07T20:30:27 IST" name="addEmployee" data-provider="Empdata" finished-at="2022-09-07T20:30:37 IST" duration-ms="10053" status="PASS">
          <params>
            <param index="0">
              <value>
                <![CDATA[Chiranjeevi]]>
              </value>
            </param>
            <param index="1">
              <value>
                <![CDATA[Kodidela]]>
              </value>
            </param>
            <param index="2">
              <value>
                <![CDATA[Megastar]]>
              </value>
            </param>
            <param index="3">
              <value>
                <![CDATA[123]]>
              </value>
            </param>
          </params>
          <reporter-output>
          </reporter-output>
        </test-method> <!-- addEmployee -->
        <test-method is-config="true" signature="logOff()[pri:0, instance:com.automationdemo.testngconcepts.OrangeHRMAssertionDemo3@1a18644]" started-at="2022-09-07T20:30:37 IST" name="logOff" finished-at="2022-09-07T20:30:38 IST" duration-ms="925" status="PASS">
          <reporter-output>
          </reporter-output>
        </test-method> <!-- logOff -->
        <test-method is-config="true" signature="orangeHRMLogin()[pri:0, instance:com.automationdemo.testngconcepts.OrangeHRMAssertionDemo3@1a18644]" started-at="2022-09-07T20:30:38 IST" name="orangeHRMLogin" finished-at="2022-09-07T20:30:45 IST" duration-ms="7350" status="PASS">
          <reporter-output>
          </reporter-output>
        </test-method> <!-- orangeHRMLogin -->
        <test-method signature="addEmployee(java.lang.String,java.lang.String,java.lang.String,java.lang.String)[pri:0, instance:com.automationdemo.testngconcepts.OrangeHRMAssertionDemo3@1a18644]" started-at="2022-09-07T20:30:45 IST" name="addEmployee" data-provider="Empdata" finished-at="2022-09-07T20:30:55 IST" duration-ms="10007" status="PASS">
          <params>
            <param index="0">
              <value>
                <![CDATA[Akhil]]>
              </value>
            </param>
            <param index="1">
              <value>
                <![CDATA[Test]]>
              </value>
            </param>
            <param index="2">
              <value>
                <![CDATA[Engineer]]>
              </value>
            </param>
            <param index="3">
              <value>
                <![CDATA[12334]]>
              </value>
            </param>
          </params>
          <reporter-output>
          </reporter-output>
        </test-method> <!-- addEmployee -->
        <test-method is-config="true" signature="logOff()[pri:0, instance:com.automationdemo.testngconcepts.OrangeHRMAssertionDemo3@1a18644]" started-at="2022-09-07T20:30:55 IST" name="logOff" finished-at="2022-09-07T20:30:56 IST" duration-ms="832" status="PASS">
          <reporter-output>
          </reporter-output>
        </test-method> <!-- logOff -->
        <test-method is-config="true" signature="orangeHRMLogin()[pri:0, instance:com.automationdemo.testngconcepts.OrangeHRMAssertionDemo3@1a18644]" started-at="2022-09-07T20:30:56 IST" name="orangeHRMLogin" finished-at="2022-09-07T20:31:02 IST" duration-ms="6390" status="PASS">
          <reporter-output>
          </reporter-output>
        </test-method> <!-- orangeHRMLogin -->
        <test-method signature="addEmployee(java.lang.String,java.lang.String,java.lang.String,java.lang.String)[pri:0, instance:com.automationdemo.testngconcepts.OrangeHRMAssertionDemo3@1a18644]" started-at="2022-09-07T20:31:02 IST" name="addEmployee" data-provider="Empdata" finished-at="2022-09-07T20:31:13 IST" duration-ms="10249" status="PASS">
          <params>
            <param index="0">
              <value>
                <![CDATA[Madhu]]>
              </value>
            </param>
            <param index="1">
              <value>
                <![CDATA[Automation]]>
              </value>
            </param>
            <param index="2">
              <value>
                <![CDATA[TestEngineer]]>
              </value>
            </param>
            <param index="3">
              <value>
                <![CDATA[1234]]>
              </value>
            </param>
          </params>
          <reporter-output>
          </reporter-output>
        </test-method> <!-- addEmployee -->
        <test-method is-config="true" signature="logOff()[pri:0, instance:com.automationdemo.testngconcepts.OrangeHRMAssertionDemo3@1a18644]" started-at="2022-09-07T20:31:13 IST" name="logOff" finished-at="2022-09-07T20:31:13 IST" duration-ms="864" status="PASS">
          <reporter-output>
          </reporter-output>
        </test-method> <!-- logOff -->
        <test-method is-config="true" signature="tearDown()[pri:0, instance:com.automationdemo.testngconcepts.OrangeHRMAssertionDemo3@1a18644]" started-at="2022-09-07T20:31:13 IST" name="tearDown" finished-at="2022-09-07T20:31:14 IST" duration-ms="160" status="PASS">
          <reporter-output>
          </reporter-output>
        </test-method> <!-- tearDown -->
      </class> <!-- com.automationdemo.testngconcepts.OrangeHRMAssertionDemo3 -->
    </test> <!-- Default test -->
  </suite> <!-- Default suite -->
</testng-results>
